Started by user [8mha:AAAAlh+LCAAAAAAAAP9b85aBtbiIQTGjNKU4P08vOT+vOD8nVc83PyU1x6OyILUoJzMv2y+/JJUBAhiZGBgqihhk0NSjKDWzXb3RdlLBUSYGJk8GtpzUvPSSDB8G5tKinBIGIZ+sxLJE/ZzEvHT94JKizLx0a6BxUmjGOUNodHsLgAzOEgYu/dLi1CL9vNKcHACFIKlWvwAAAA==[0manonymous
Building on master in workspace /home/users/yangjun03/protobuf/workspace/app-test/search/lbs-stat/upps_test/jenkinsFramework/protobuf/jenkins/jenkinshome/workspace/delnode
[delnode] $ /bin/sh -xe /tmp/hudson8615143146997077050.sh
+ cd /home/users/yangjun03/protobuf/workspace/app-test/search/lbs-stat/upps_test/jenkinsFramework/protobuf
+ python delnode.py http://10.48.55.39:8898/ da02
Traceback (most recent call last):
  File "delnode.py", line 24, in <module>
    delnode(jenkinsurl, nodename)
  File "delnode.py", line 17, in delnode
    J.delete_node(nodename)
  File "build/bdist.linux-x86_64/egg/jenkinsapi/jenkins.py", line 286, in delete_node
AssertionError: This node: da02 is not registered as a slave
Build step 'Execute shell' marked build as failure
Finished: FAILURE
